C:\USERS\ZIN\DOCUMENTS\VISUAL STUDIO 2010\PROJECTS\EMPLOYEE MANAGEMENT SYSTEM\DEBUG\EMPLOYEE MANAGEMENT SYSTEM.EXE
C:\USERS\ZIN\DOCUMENTS\VISUAL STUDIO 2010\PROJECTS\EMPLOYEE MANAGEMENT SYSTEM\DEBUG\EMPLOYEE MANAGEMENT SYSTEM.ILK
C:\USERS\ZIN\DOCUMENTS\VISUAL STUDIO 2010\PROJECTS\EMPLOYEE MANAGEMENT SYSTEM\DEBUG\EMPLOYEE MANAGEMENT SYSTEM.PDB
C:\Users\ZiN\Documents\Visual Studio 2010\Projects\Employee Management System\Employee Management System\Debug\cl.command.1.tlog
C:\Users\ZiN\Documents\Visual Studio 2010\Projects\Employee Management System\Employee Management System\Debug\CL.read.1.tlog
C:\Users\ZiN\Documents\Visual Studio 2010\Projects\Employee Management System\Employee Management System\Debug\CL.write.1.tlog
C:\USERS\ZIN\DOCUMENTS\VISUAL STUDIO 2010\PROJECTS\EMPLOYEE MANAGEMENT SYSTEM\EMPLOYEE MANAGEMENT SYSTEM\DEBUG\EMPLOYEE MANAGEMENT SYSTEM.EXE.EMBED.MANIFEST
C:\USERS\ZIN\DOCUMENTS\VISUAL STUDIO 2010\PROJECTS\EMPLOYEE MANAGEMENT SYSTEM\EMPLOYEE MANAGEMENT SYSTEM\DEBUG\EMPLOYEE MANAGEMENT SYSTEM.EXE.EMBED.MANIFEST.RES
C:\USERS\ZIN\DOCUMENTS\VISUAL STUDIO 2010\PROJECTS\EMPLOYEE MANAGEMENT SYSTEM\EMPLOYEE MANAGEMENT SYSTEM\DEBUG\EMPLOYEE MANAGEMENT SYSTEM.EXE.INTERMEDIATE.MANIFEST
C:\Users\ZiN\Documents\Visual Studio 2010\Projects\Employee Management System\Employee Management System\Debug\Employee Management System_manifest.rc
C:\USERS\ZIN\DOCUMENTS\VISUAL STUDIO 2010\PROJECTS\EMPLOYEE MANAGEMENT SYSTEM\EMPLOYEE MANAGEMENT SYSTEM\DEBUG\EMPLOYEEDETAILS.OBJ
C:\USERS\ZIN\DOCUMENTS\VISUAL STUDIO 2010\PROJECTS\EMPLOYEE MANAGEMENT SYSTEM\EMPLOYEE MANAGEMENT SYSTEM\DEBUG\EMSDRIVER.OBJ
C:\Users\ZiN\Documents\Visual Studio 2010\Projects\Employee Management System\Employee Management System\Debug\link.5452.read.1.tlog
C:\Users\ZiN\Documents\Visual Studio 2010\Projects\Employee Management System\Employee Management System\Debug\link.5452.write.1.tlog
C:\Users\ZiN\Documents\Visual Studio 2010\Projects\Employee Management System\Employee Management System\Debug\link.5452-cvtres.read.1.tlog
C:\Users\ZiN\Documents\Visual Studio 2010\Projects\Employee Management System\Employee Management System\Debug\link.5452-cvtres.write.1.tlog
C:\Users\ZiN\Documents\Visual Studio 2010\Projects\Employee Management System\Employee Management System\Debug\link.command.1.tlog
C:\Users\ZiN\Documents\Visual Studio 2010\Projects\Employee Management System\Employee Management System\Debug\link.read.1.tlog
C:\Users\ZiN\Documents\Visual Studio 2010\Projects\Employee Management System\Employee Management System\Debug\link.write.1.tlog
C:\Users\ZiN\Documents\Visual Studio 2010\Projects\Employee Management System\Employee Management System\Debug\link-cvtres.read.1.tlog
C:\Users\ZiN\Documents\Visual Studio 2010\Projects\Employee Management System\Employee Management System\Debug\link-cvtres.write.1.tlog
C:\Users\ZiN\Documents\Visual Studio 2010\Projects\Employee Management System\Employee Management System\Debug\mt.command.1.tlog
C:\Users\ZiN\Documents\Visual Studio 2010\Projects\Employee Management System\Employee Management System\Debug\mt.read.1.tlog
C:\Users\ZiN\Documents\Visual Studio 2010\Projects\Employee Management System\Employee Management System\Debug\mt.write.1.tlog
C:\Users\ZiN\Documents\Visual Studio 2010\Projects\Employee Management System\Employee Management System\Debug\rc.command.1.tlog
C:\Users\ZiN\Documents\Visual Studio 2010\Projects\Employee Management System\Employee Management System\Debug\rc.read.1.tlog
C:\Users\ZiN\Documents\Visual Studio 2010\Projects\Employee Management System\Employee Management System\Debug\rc.write.1.tlog
C:\Users\ZiN\Documents\Visual Studio 2010\Projects\Employee Management System\Employee Management System\Debug\vc100.idb
C:\USERS\ZIN\DOCUMENTS\VISUAL STUDIO 2010\PROJECTS\EMPLOYEE MANAGEMENT SYSTEM\EMPLOYEE MANAGEMENT SYSTEM\DEBUG\VC100.PDB
