Build started 11/8/2014 1:31:00 PM.
     1>Project "C:\Users\ZiN\Documents\Visual Studio 2010\Projects\Employee Management System\Employee Management System\Employee Management System.vcxproj" on node 2 (build target(s)).
     1>InitializeBuildStatus:
         Creating "Debug\Employee Management System.unsuccessfulbuild" because "AlwaysCreate" was specified.
       ClCompile:
         C:\Program Files (x86)\Microsoft Visual Studio 10.0\VC\bin\CL.exe /c /ZI /nologo /W3 /WX- /Od /Oy- /D WIN32 /D _DEBUG /D _CONSOLE /D _UNICODE /D UNICODE /Gm /EHsc /RTC1 /MDd /GS /fp:precise /Zc:wchar_t /Zc:forScope /Fo"Debug\\" /Fd"Debug\vc100.pdb" /Gd /TP /analyze- /errorReport:prompt EMSDriver.cpp
         EMSDriver.cpp
     1>c:\users\zin\documents\visual studio 2010\projects\employee management system\employee management system\emsdriver.cpp(650): warning C4996: 'gets': This function or variable may be unsafe. Consider using gets_s instead. To disable deprecation, use _CRT_SECURE_NO_WARNINGS. See online help for details.
                 c:\program files (x86)\microsoft visual studio 10.0\vc\include\stdio.h(277) : see declaration of 'gets'
     1>c:\users\zin\documents\visual studio 2010\projects\employee management system\employee management system\emsdriver.cpp(669): warning C4996: 'gets': This function or variable may be unsafe. Consider using gets_s instead. To disable deprecation, use _CRT_SECURE_NO_WARNINGS. See online help for details.
                 c:\program files (x86)\microsoft visual studio 10.0\vc\include\stdio.h(277) : see declaration of 'gets'
     1>c:\users\zin\documents\visual studio 2010\projects\employee management system\employee management system\emsdriver.cpp(686): warning C4996: 'gets': This function or variable may be unsafe. Consider using gets_s instead. To disable deprecation, use _CRT_SECURE_NO_WARNINGS. See online help for details.
                 c:\program files (x86)\microsoft visual studio 10.0\vc\include\stdio.h(277) : see declaration of 'gets'
     1>c:\users\zin\documents\visual studio 2010\projects\employee management system\employee management system\emsdriver.cpp(725): warning C4996: 'gets': This function or variable may be unsafe. Consider using gets_s instead. To disable deprecation, use _CRT_SECURE_NO_WARNINGS. See online help for details.
                 c:\program files (x86)\microsoft visual studio 10.0\vc\include\stdio.h(277) : see declaration of 'gets'
     1>c:\users\zin\documents\visual studio 2010\projects\employee management system\employee management system\emsdriver.cpp(743): warning C4996: 'gets': This function or variable may be unsafe. Consider using gets_s instead. To disable deprecation, use _CRT_SECURE_NO_WARNINGS. See online help for details.
                 c:\program files (x86)\microsoft visual studio 10.0\vc\include\stdio.h(277) : see declaration of 'gets'
     1>c:\users\zin\documents\visual studio 2010\projects\employee management system\employee management system\emsdriver.cpp(769): warning C4996: 'gets': This function or variable may be unsafe. Consider using gets_s instead. To disable deprecation, use _CRT_SECURE_NO_WARNINGS. See online help for details.
                 c:\program files (x86)\microsoft visual studio 10.0\vc\include\stdio.h(277) : see declaration of 'gets'
     1>c:\users\zin\documents\visual studio 2010\projects\employee management system\employee management system\emsdriver.cpp(784): warning C4996: 'getch': The POSIX name for this item is deprecated. Instead, use the ISO C++ conformant name: _getch. See online help for details.
                 c:\program files (x86)\microsoft visual studio 10.0\vc\include\conio.h(128) : see declaration of 'getch'
     1>c:\users\zin\documents\visual studio 2010\projects\employee management system\employee management system\emsdriver.cpp(435): warning C4717: 'employeeAccess::searchEmployee' : recursive on all control paths, function will cause runtime stack overflow
       ManifestResourceCompile:
         All outputs are up-to-date.
       Link:
         C:\Program Files (x86)\Microsoft Visual Studio 10.0\VC\bin\link.exe /ERRORREPORT:PROMPT /OUT:"C:\Users\ZiN\Documents\Visual Studio 2010\Projects\Employee Management System\Debug\Employee Management System.exe" /INCREMENTAL /NOLOGO kernel32.lib user32.lib gdi32.lib winspool.lib comdlg32.lib advapi32.lib shell32.lib ole32.lib oleaut32.lib uuid.lib odbc32.lib odbccp32.lib /MANIFEST /ManifestFile:"Debug\Employee Management System.exe.intermediate.manifest" /MANIFESTUAC:"level='asInvoker' uiAccess='false'" /DEBUG /PDB:"C:\Users\ZiN\Documents\Visual Studio 2010\Projects\Employee Management System\Debug\Employee Management System.pdb" /SUBSYSTEM:CONSOLE /TLBID:1 /DYNAMICBASE /NXCOMPAT /IMPLIB:"C:\Users\ZiN\Documents\Visual Studio 2010\Projects\Employee Management System\Debug\Employee Management System.lib" /MACHINE:X86 "Debug\Employee Management System.exe.embed.manifest.res"
         Debug\employeeDetails.obj
         Debug\EMSDriver.obj
       Manifest:
         C:\Program Files (x86)\Microsoft SDKs\Windows\v7.0A\bin\mt.exe /nologo /verbose /out:"Debug\Employee Management System.exe.embed.manifest" /manifest "Debug\Employee Management System.exe.intermediate.manifest"
         All outputs are up-to-date.
       LinkEmbedManifest:
         All outputs are up-to-date.
         Employee Management System.vcxproj -> C:\Users\ZiN\Documents\Visual Studio 2010\Projects\Employee Management System\Debug\Employee Management System.exe
       FinalizeBuildStatus:
         Deleting file "Debug\Employee Management System.unsuccessfulbuild".
         Touching "Debug\Employee Management System.lastbuildstate".
     1>Done Building Project "C:\Users\ZiN\Documents\Visual Studio 2010\Projects\Employee Management System\Employee Management System\Employee Management System.vcxproj" (build target(s)).

Build succeeded.

Time Elapsed 00:00:01.87
